<?xml version="1.0" encoding="UTF-8"?>
<testng-results ignored="0" total="4" passed="4" failed="0" skipped="0">
  <reporter-output>
  </reporter-output>
  <suite started-at="2022-08-23T15:20:00 IST" name="Loan Department" finished-at="2022-08-23T15:20:00 IST" duration-ms="81">
    <groups>
    </groups>
    <test started-at="2022-08-23T15:20:00 IST" name="Personal loan" finished-at="2022-08-23T15:20:00 IST" duration-ms="32">
      <class name="test.day1">
        <test-method is-config="true" signature="prerequiste()[pri:0, instance:test.day1@52af26ee]" started-at="2022-08-23T15:20:00 IST" name="prerequiste" finished-at="2022-08-23T15:20:00 IST" duration-ms="5" status="PASS">
          <reporter-output>
          </reporter-output>
        </test-method> <!-- prerequiste -->
        <test-method signature="ploan(java.lang.String)[pri:0, instance:test.day1@52af26ee]" started-at="2022-08-23T15:20:00 IST" name="ploan" finished-at="2022-08-23T15:20:00 IST" duration-ms="7" status="PASS">
          <params>
            <param index="0">
              <value>
                <![CDATA[qaclickacademy.com]]>
              </value>
            </param>
          </params>
          <reporter-output>
          </reporter-output>
        </test-method> <!-- ploan -->
      </class> <!-- test.day1 -->
    </test> <!-- Personal loan -->
    <test started-at="2022-08-23T15:20:00 IST" name="Car Loan" finished-at="2022-08-23T15:20:00 IST" duration-ms="4">
      <class name="test.day2">
        <test-method signature="loan()[pri:0, instance:test.day2@48aca48b]" started-at="2022-08-23T15:20:00 IST" name="loan" finished-at="2022-08-23T15:20:00 IST" duration-ms="1" status="PASS">
          <reporter-output>
          </reporter-output>
        </test-method> <!-- loan -->
        <test-method is-config="true" signature="after()[pri:0, instance:test.day2@48aca48b]" started-at="2022-08-23T15:20:00 IST" name="after" finished-at="2022-08-23T15:20:00 IST" duration-ms="0" status="PASS">
          <reporter-output>
          </reporter-output>
        </test-method> <!-- after -->
      </class> <!-- test.day2 -->
      <class name="test.day3">
        <test-method signature="MobileLoginLoan()[pri:0, instance:test.day3@6bd61f98]" started-at="2022-08-23T15:20:00 IST" name="MobileLoginLoan" finished-at="2022-08-23T15:20:00 IST" duration-ms="0" status="PASS">
          <reporter-output>
          </reporter-output>
        </test-method> <!-- MobileLoginLoan -->
        <test-method signature="WebloginCarLoan()[pri:0, instance:test.day3@6bd61f98]" started-at="2022-08-23T15:20:00 IST" name="WebloginCarLoan" finished-at="2022-08-23T15:20:00 IST" duration-ms="1" status="PASS">
          <reporter-output>
          </reporter-output>
        </test-method> <!-- WebloginCarLoan -->
      </class> <!-- test.day3 -->
    </test> <!-- Car Loan -->
  </suite> <!-- Loan Department -->
</testng-results>
